# JRE version: OpenJDK Runtime Environment JBR-11.0.12.7-1504.28-jcef (11.0.12+7) (build 11.0.12+7-b1504.28)
# Java VM: OpenJDK 64-Bit Server VM JBR-11.0.12.7-1504.28-jcef (11.0.12+7-b1504.28, mixed mode, tiered, compressed oops, g1 gc, windows-amd64)
Heap:
 garbage-first heap   total 131072K, used 8082K [0x0000000080800000, 0x0000000100000000)
  region size 1024K, 5 young (5120K), 0 survivors (0K)
 Metaspace       used 15286K, capacity 15658K, committed 16640K, reserved 1064960K
  class space    used 1436K, capacity 1534K, committed 1792K, reserved 1048576K
GC Heap History (20 events):
Event: 280802.444 GC heap before
{Heap before GC invocations=78 (full 77):
 garbage-first heap   total 131072K, used 9106K [0x0000000080800000, 0x0000000100000000)
  region size 1024K, 6 young (6144K), 0 survivors (0K)
 Metaspace       used 15286K, capacity 15658K, committed 16640K, reserved 1064960K
  class space    used 1436K, capacity 1534K, committed 1792K, reserved 1048576K
}
Event: 280802.451 GC heap after
{Heap after GC invocations=79 (full 78):
 garbage-first heap   total 131072K, used 3987K [0x0000000080800000, 0x0000000100000000)
  region size 1024K, 0 young (0K), 0 survivors (0K)
 Metaspace       used 15286K, capacity 15658K, committed 16640K, reserved 1064960K
  class space    used 1436K, capacity 1534K, committed 1792K, reserved 1048576K
}
Event: 284402.462 GC heap before
{Heap before GC invocations=79 (full 78):
 garbage-first heap   total 131072K, used 9107K [0x0000000080800000, 0x0000000100000000)
  region size 1024K, 6 young (6144K), 0 survivors (0K)
 Metaspace       used 15286K, capacity 15658K, committed 16640K, reserved 1064960K
  class space    used 1436K, capacity 1534K, committed 1792K, reserved 1048576K
}
Event: 284402.468 GC heap after
{Heap after GC invocations=80 (full 79):
 garbage-first heap   total 131072K, used 3986K [0x0000000080800000, 0x0000000100000000)
  region size 1024K, 0 young (0K), 0 survivors (0K)
 Metaspace       used 15286K, capacity 15658K, committed 16640K, reserved 1064960K
  class space    used 1436K, capacity 1534K, committed 1792K, reserved 1048576K
}
Event: 288002.480 GC heap before
{Heap before GC invocations=80 (full 79):
 garbage-first heap   total 131072K, used 9106K [0x0000000080800000, 0x0000000100000000)
  region size 1024K, 6 young (6144K), 0 survivors (0K)
 Metaspace       used 15286K, capacity 15658K, committed 16640K, reserved 1064960K
  class space    used 1436K, capacity 1534K, committed 1792K, reserved 1048576K
}
Event: 288002.485 GC heap after
{Heap after GC invocations=81 (full 80):
 garbage-first heap   total 131072K, used 3986K [0x0000000080800000, 0x0000000100000000)
  region size 1024K, 0 young (0K), 0 survivors (0K)
 Metaspace       used 15286K, capacity 15658K, committed 16640K, reserved 1064960K
  class space    used 1436K, capacity 1534K, committed 1792K, reserved 1048576K
}
Event: 291602.497 GC heap before
{Heap before GC invocations=81 (full 80):
 garbage-first heap   total 131072K, used 9106K [0x0000000080800000, 0x0000000100000000)
  region size 1024K, 6 young (6144K), 0 survivors (0K)
 Metaspace       used 15286K, capacity 15658K, committed 16640K, reserved 1064960K
  class space    used 1436K, capacity 1534K, committed 1792K, reserved 1048576K
}
Event: 291602.502 GC heap after
{Heap after GC invocations=82 (full 81):
 garbage-first heap   total 131072K, used 3987K [0x0000000080800000, 0x0000000100000000)
  region size 1024K, 0 young (0K), 0 survivors (0K)
 Metaspace       used 15286K, capacity 15658K, committed 16640K, reserved 1064960K
  class space    used 1436K, capacity 1534K, committed 1792K, reserved 1048576K
}
Event: 295202.509 GC heap before
{Heap before GC invocations=82 (full 81):
 garbage-first heap   total 131072K, used 9107K [0x0000000080800000, 0x0000000100000000)
  region size 1024K, 6 young (6144K), 0 survivors (0K)
 Metaspace       used 15286K, capacity 15658K, committed 16640K, reserved 1064960K
  class space    used 1436K, capacity 1534K, committed 1792K, reserved 1048576K
}
Event: 295202.515 GC heap after
{Heap after GC invocations=83 (full 82):
 garbage-first heap   total 131072K, used 3986K [0x0000000080800000, 0x0000000100000000)
  region size 1024K, 0 young (0K), 0 survivors (0K)
 Metaspace       used 15286K, capacity 15658K, committed 16640K, reserved 1064960K
  class space    used 1436K, capacity 1534K, committed 1792K, reserved 1048576K
}
Event: 298802.520 GC heap before
{Heap before GC invocations=83 (full 82):
 garbage-first heap   total 131072K, used 9106K [0x0000000080800000, 0x0000000100000000)
  region size 1024K, 6 young (6144K), 0 survivors (0K)
 Metaspace       used 15286K, capacity 15658K, committed 16640K, reserved 1064960K
  class space    used 1436K, capacity 1534K, committed 1792K, reserved 1048576K
}
Event: 298802.530 GC heap after
{Heap after GC invocations=84 (full 83):
 garbage-first heap   total 131072K, used 3987K [0x0000000080800000, 0x0000000100000000)
  region size 1024K, 0 young (0K), 0 survivors (0K)
 Metaspace       used 15286K, capacity 15658K, committed 16640K, reserved 1064960K
  class space    used 1436K, capacity 1534K, committed 1792K, reserved 1048576K
}
Event: 302402.530 GC heap before
{Heap before GC invocations=84 (full 83):
 garbage-first heap   total 131072K, used 9107K [0x0000000080800000, 0x0000000100000000)
  region size 1024K, 6 young (6144K), 0 survivors (0K)
 Metaspace       used 15286K, capacity 15658K, committed 16640K, reserved 1064960K
  class space    used 1436K, capacity 1534K, committed 1792K, reserved 1048576K
}
Event: 302402.536 GC heap after
{Heap after GC invocations=85 (full 84):
 garbage-first heap   total 131072K, used 3986K [0x0000000080800000, 0x0000000100000000)
  region size 1024K, 0 young (0K), 0 survivors (0K)
 Metaspace       used 15286K, capacity 15658K, committed 16640K, reserved 1064960K
  class space    used 1436K, capacity 1534K, committed 1792K, reserved 1048576K
}
Event: 306002.550 GC heap before
{Heap before GC invocations=85 (full 84):
 garbage-first heap   total 131072K, used 9106K [0x0000000080800000, 0x0000000100000000)
  region size 1024K, 6 young (6144K), 0 survivors (0K)
 Metaspace       used 15286K, capacity 15658K, committed 16640K, reserved 1064960K
  class space    used 1436K, capacity 1534K, committed 1792K, reserved 1048576K
}
Event: 306002.555 GC heap after
{Heap after GC invocations=86 (full 85):
 garbage-first heap   total 131072K, used 3986K [0x0000000080800000, 0x0000000100000000)
  region size 1024K, 0 young (0K), 0 survivors (0K)
 Metaspace       used 15286K, capacity 15658K, committed 16640K, reserved 1064960K
  class space    used 1436K, capacity 1534K, committed 1792K, reserved 1048576K
}
Event: 309602.559 GC heap before
{Heap before GC invocations=86 (full 85):
 garbage-first heap   total 131072K, used 9106K [0x0000000080800000, 0x0000000100000000)
  region size 1024K, 6 young (6144K), 0 survivors (0K)
 Metaspace       used 15286K, capacity 15658K, committed 16640K, reserved 1064960K
  class space    used 1436K, capacity 1534K, committed 1792K, reserved 1048576K
}
Event: 309602.564 GC heap after
{Heap after GC invocations=87 (full 86):
 garbage-first heap   total 131072K, used 3987K [0x0000000080800000, 0x0000000100000000)
  region size 1024K, 0 young (0K), 0 survivors (0K)
 Metaspace       used 15286K, capacity 15658K, committed 16640K, reserved 1064960K
  class space    used 1436K, capacity 1534K, committed 1792K, reserved 1048576K
}
Event: 313202.565 GC heap before
{Heap before GC invocations=87 (full 86):
 garbage-first heap   total 131072K, used 9107K [0x0000000080800000, 0x0000000100000000)
  region size 1024K, 6 young (6144K), 0 survivors (0K)
 Metaspace       used 15286K, capacity 15658K, committed 16640K, reserved 1064960K
  class space    used 1436K, capacity 1534K, committed 1792K, reserved 1048576K
}
Event: 313202.572 GC heap after
{Heap after GC invocations=88 (full 87):
 garbage-first heap   total 131072K, used 3986K [0x0000000080800000, 0x0000000100000000)
  region size 1024K, 0 young (0K), 0 survivors (0K)
 Metaspace       used 15286K, capacity 15658K, committed 16640K, reserved 1064960K
  class space    used 1436K, capacity 1534K, committed 1792K, reserved 1048576K
}

